Microsoft (R) Macro Assembler Version 5.00                  12/4/18 12:42:07
                                                             Page     1-1


       1				assume cs:code,ds:data 
       2 0000				data segment 
       3 0000  64 00			STR1    db 100,0,100 dup (0) 
       4       0064[			
       5	   00			
       6			 ]	
       7				
       8 0066  44 4B 44 4B 4B 44 4B	STR2    db 'DKDKKDKDKDKD' 
       9       44 4B 44 4B 44		
      10 0072  24			secend   db '$' 
      11 = 000C				COUNT2   equ secend-STR2 
      12 0073				data ends 
      13 0000				code segment 
      14 0000  B8 ---- R		start:  mov ax,data 
      15 0003  8E D8			        mov ds,ax 
      16 0005  8D 16 0000 R		        lea dx,STR1 
      17 0009  B4 0A			        mov ah,0ah 
      18 000B  CD 21			        int 21h 
      19 000D  B2 0A				mov dl,10 ;光标下移 
      20 000F  B4 02				mov ah,2 
      21 0011  CD 21				int 21h  
      22 0013  8D 36 0000 R		        lea si,STR1 
      23 0017  8A 4C 01			        mov cl,[si+1] 
      24 001A  B5 00			        mov ch,0 
      25 001C  83 C6 02			        add si,2 
      26 001F  8D 3E 0066 R		        lea di,STR2 
      27 0023  03 F1			        add si,cx 
      28 0025  03 F9			        add di,cx 
      29 0027  4E			        dec si 
      30 0028  4F			        dec di 
      31 0029  8A 04			LP1:    mov al,[si] 
      32 002B  88 05			        mov [di],al 
      33 002D  4E			        dec si 
      34 002E  4F			        dec di 
      35 002F  49			        dec cx 
      36 0030  75 F7			        jne LP1 
      37				         
      38				     
      39 0032  8D 36 0072 R		        lea si,secend 
      40 0036  8A 04			        mov al,[si] 
      41 0038  8D 36 0000 R		        lea si,STR1 
      42 003C  46			        inc si 
      43 003D  8A 1C			        mov bl,[si] 
      44 003F  B7 00			        mov bh,0 
      45 0041  46			        inc si 
      46 0042  03 F3			        add si,bx 
      47 0044  88 04			        mov [si],al;put a end sign in t
					he end of str1 
      48 0046  8D 3E 0066 R		        lea di,STR2 
      49 004A  03 FB			        add di,bx 
      50 004C  88 05			        mov [di],al;put a end sign in t
					he end of str1 copy 
      51 004E				DISP:         
      52 004E  8D 16 0000 R		        lea dx,STR1 
Microsoft (R) Macro Assembler Version 5.00                  12/4/18 12:42:07
                                                             Page     1-2


      53 0052  83 C2 02			        add dx,2 
      54 0055  B4 09			        mov ah,9h 
      55 0057  CD 21			        int 21h 
      56 0059  B2 0A				mov dl,10 ;光标下移 
      57 005B  B4 02				mov ah,2 
      58 005D  CD 21				int 21H  
      59 005F  8D 16 0066 R		        lea dx,STR2 
      60 0063  B4 09			        mov ah,9h 
      61 0065  CD 21			        int 21h 
      62 0067  B4 4C			        mov ah,4ch 
      63 0069  CD 21			        int 21h 
      64 006B				code ends 
      65				end start 
Microsoft (R) Macro Assembler Version 5.00                  12/4/18 12:42:07
                                                             Symbols-1


Segments and Groups:

                N a m e         	Length	 Align	Combine Class

CODE . . . . . . . . . . . . . .  	006B	PARA	NONE	
DATA . . . . . . . . . . . . . .  	0073	PARA	NONE	

Symbols:            

                N a m e         	Type	 Value	 Attr

COUNT2 . . . . . . . . . . . . .  	NUMBER	000C	

DISP . . . . . . . . . . . . . .  	L NEAR	004E	CODE

LP1  . . . . . . . . . . . . . .  	L NEAR	0029	CODE

SECEND . . . . . . . . . . . . .  	L BYTE	0072	DATA
START  . . . . . . . . . . . . .  	L NEAR	0000	CODE
STR1 . . . . . . . . . . . . . .  	L BYTE	0000	DATA
STR2 . . . . . . . . . . . . . .  	L BYTE	0066	DATA

@FILENAME  . . . . . . . . . . .  	TEXT  input		


     60 Source  Lines
     60 Total   Lines
     11 Symbols

  50504 + 466024 Bytes symbol space free

      0 Warning Errors
      0 Severe  Errors
